2019-03-25T14:09:46.683Z - normal: Load ~/.CocosCreator/settings.json
2019-03-25T14:09:47.907Z - normal: Initializing Asset Database
2019-03-25T14:09:48.036Z - normal: checking language setting...
2019-03-25T14:09:48.036Z - normal: Language: zh
2019-03-25T14:09:49.345Z - success: preview server running at http://localhost:7456
2019-03-25T14:09:49.348Z - success: protocol editor-framework registered
2019-03-25T14:09:49.348Z - success: protocol app registered
2019-03-25T14:09:49.348Z - success: protocol theme registered
2019-03-25T14:09:49.348Z - success: protocol packages registered
2019-03-25T14:09:49.348Z - success: protocol uuid registerred
2019-03-25T14:09:49.349Z - success: protocol db registerred
2019-03-25T14:09:49.349Z - success: protocol thumbnail registerred
2019-03-25T14:09:49.349Z - success: protocol unpack registerred
2019-03-25T14:09:49.349Z - success: protocol disable-commonjs registerred
2019-03-25T14:09:50.192Z - normal: connected!
2019-03-25T14:09:50.196Z - normal: Check project D:\work\w1\cocos-projects\SoftmudMonster
2019-03-25T14:09:50.203Z - normal: Initializing project D:\work\w1\cocos-projects\SoftmudMonster
2019-03-25T14:09:50.783Z - normal: Initializing Cocos2d
2019-03-25T14:09:52.679Z - normal: Initializing engine extends
2019-03-25T14:09:52.715Z - success: asset-db-debugger loaded
2019-03-25T14:09:52.722Z - success: baidu-adapter loaded
2019-03-25T14:09:52.736Z - success: code-editor loaded
2019-03-25T14:09:52.744Z - success: color-picker loaded
2019-03-25T14:09:52.894Z - success: fb-audience-network loaded
2019-03-25T14:09:52.986Z - success: fb-live-stream loaded
2019-03-25T14:09:53.005Z - success: google-play-instant loaded
2019-03-25T14:09:53.029Z - success: huawei-runtime loaded
2019-03-25T14:09:53.033Z - success: jsb-adapter loaded
2019-03-25T14:09:53.056Z - success: oppo-runtime loaded
2019-03-25T14:09:53.066Z - success: package-manager loaded
2019-03-25T14:09:53.365Z - success: qqplay-adapter loaded
2019-03-25T14:09:53.375Z - success: runtime-dev-tools loaded
2019-03-25T14:09:53.390Z - success: sdkbox loaded
2019-03-25T14:09:53.403Z - success: tester loaded
2019-03-25T14:09:53.412Z - success: ui-grid loaded
2019-03-25T14:09:53.420Z - success: ui-kit-preview-extra loaded
2019-03-25T14:09:53.429Z - success: ui-kit-preview loaded
2019-03-25T14:09:53.431Z - success: ui-kit loaded
2019-03-25T14:09:53.440Z - success: ui-tree loaded
2019-03-25T14:09:53.462Z - success: vivo-runtime loaded
2019-03-25T14:09:53.467Z - success: weapp-adapter loaded
2019-03-25T14:09:53.511Z - success: assets loaded
2019-03-25T14:09:53.514Z - success: builder loaded
2019-03-25T14:09:53.869Z - success: cocos-services loaded
2019-03-25T14:09:53.879Z - success: console loaded
2019-03-25T14:09:53.916Z - success: fb-instant-games loaded
2019-03-25T14:09:53.918Z - success: google-instant-games loaded
2019-03-25T14:09:53.923Z - success: hierarchy loaded
2019-03-25T14:09:53.926Z - success: inspector loaded
2019-03-25T14:09:53.928Z - success: keystore loaded
2019-03-25T14:09:53.933Z - success: node-library loaded
2019-03-25T14:09:53.935Z - success: package-asset loaded
2019-03-25T14:09:53.936Z - success: preferences loaded
2019-03-25T14:09:53.938Z - success: project-exporter loaded
2019-03-25T14:09:53.940Z - success: project-importer loaded
2019-03-25T14:09:53.942Z - success: project-settings loaded
2019-03-25T14:09:53.947Z - success: scene loaded
2019-03-25T14:09:53.949Z - success: simulator-debugger loaded
2019-03-25T14:09:53.951Z - success: sprite-editor loaded
2019-03-25T14:09:53.955Z - success: store loaded
2019-03-25T14:09:53.960Z - success: timeline loaded
2019-03-25T14:09:56.857Z - normal: Loading packages
2019-03-25T14:09:56.868Z - normal: Watching packages
2019-03-25T14:09:58.127Z - normal: Run Application
2019-03-25T14:10:00.306Z - info: Cocos Services load base data!
2019-03-25T14:10:06.504Z - warn: The target can not be made persist because it's not a cc.Node or it doesn't have _id property.
2019-03-25T14:15:19.998Z - warn: The target can not be made persist because it's not a cc.Node or it doesn't have _id property.
2019-03-25T14:17:28.517Z - warn: The target can not be made persist because it's not a cc.Node or it doesn't have _id property.
